<?xml version="1.0" encoding="UTF-8"?>
<!-- Generated by org.testng.reporters.JUnitReportReporter -->
<testsuite skipped="0" hostname="user-PC" name="Package1.Log4jEx1" tests="1" failures="0" timestamp="13 Jul 2018 09:56:36 GMT" time="0.026" errors="0">
  <testcase name="logs" time="0.026" classname="Package1.Log4jEx1"/>
</testsuite> <!-- Package1.Log4jEx1 -->
