<?xml version="1.0" encoding="UTF-8"?>
<!-- Generated by org.testng.reporters.JUnitReportReporter -->
<testsuite skipped="0" hostname="user-PC" name="Package1.TestAnnotationEx2" tests="5" failures="0" timestamp="12 Jul 2018 12:19:37 GMT" time="0.000" errors="0">
  <testcase name="m5" time="0.000" classname="Package1.TestAnnotationEx2"/>
  <testcase name="m7" time="0.000" classname="Package1.TestAnnotationEx2"/>
  <testcase name="m8" time="0.000" classname="Package1.TestAnnotationEx2"/>
  <testcase name="m9" time="0.000" classname="Package1.TestAnnotationEx2"/>
  <testcase name="m6" time="0.000" classname="Package1.TestAnnotationEx2"/>
</testsuite> <!-- Package1.TestAnnotationEx2 -->
