<?xml version="1.0" encoding="UTF-8"?>
<!-- Generated by org.testng.reporters.JUnitReportReporter -->
<testsuite skipped="0" hostname="user-PC" name="Package1.Log4jTest" tests="1" failures="0" timestamp="13 Jul 2018 09:49:43 GMT" time="0.022" errors="0">
  <testcase name="logs" time="0.022" classname="Package1.Log4jTest"/>
</testsuite> <!-- Package1.Log4jTest -->
