<?xml version="1.0" encoding="UTF-8"?>
<!-- Generated by org.testng.reporters.JUnitReportReporter -->
<testsuite skipped="1" hostname="user-PC" name="Package1.DataProvider1" tests="1" failures="0" timestamp="13 Jul 2018 12:02:09 GMT" time="0.000" errors="0">
  <testcase name="addition1" time="0.000" classname="Package1.DataProvider1">
    <skipped/>
  </testcase> <!-- addition1 -->
</testsuite> <!-- Package1.DataProvider1 -->
