<?xml version="1.0" encoding="UTF-8"?>
<!-- Generated by org.testng.reporters.JUnitReportReporter -->
<testsuite skipped="0" hostname="user-PC" name="Package1.DataProviderEx1" tests="4" failures="0" timestamp="13 Jul 2018 07:12:33 GMT" time="0.025" errors="0">
  <testcase name="addition" time="0.002" classname="Package1.DataProviderEx1"/>
  <testcase name="addition" time="0.002" classname="Package1.DataProviderEx1"/>
  <testcase name="addition" time="0.002" classname="Package1.DataProviderEx1"/>
  <testcase name="addition" time="0.019" classname="Package1.DataProviderEx1"/>
</testsuite> <!-- Package1.DataProviderEx1 -->
