<?xml version="1.0" encoding="UTF-8"?>
<!-- Generated by org.testng.reporters.JUnitReportReporter -->
<testsuite skipped="0" hostname="user-PC" name="Package1.TestAnnotationsEx" tests="4" failures="0" timestamp="13 Jul 2018 09:46:14 GMT" time="0.023" errors="0">
  <testcase name="m3" time="0.013" classname="Package1.TestAnnotationsEx"/>
  <testcase name="m4" time="0.002" classname="Package1.TestAnnotationsEx"/>
  <testcase name="m2" time="0.003" classname="Package1.TestAnnotationsEx"/>
  <testcase name="m1" time="0.005" classname="Package1.TestAnnotationsEx"/>
</testsuite> <!-- Package1.TestAnnotationsEx -->
