<?xml version="1.0" encoding="UTF-8"?>
<!-- Generated by org.testng.reporters.JUnitReportReporter -->
<testsuite skipped="0" hostname="user-PC" name="Package1.DataProvider" tests="4" failures="0" timestamp="13 Jul 2018 07:12:45 GMT" time="0.024" errors="0">
  <testcase name="addition" time="0.002" classname="Package1.DataProvider"/>
  <testcase name="addition" time="0.002" classname="Package1.DataProvider"/>
  <testcase name="addition" time="0.002" classname="Package1.DataProvider"/>
  <testcase name="addition" time="0.018" classname="Package1.DataProvider"/>
</testsuite> <!-- Package1.DataProvider -->
