<?xml version="1.0" encoding="UTF-8"?>
<!-- Generated by org.testng.reporters.JUnitReportReporter -->
<testsuite skipped="0" hostname="user-PC" name="Maven.Maven.MavenEx" tests="1" failures="0" timestamp="19 Jul 2018 10:54:46 GMT" time="0.016" errors="0">
  <testcase name="B4" time="0.016" classname="Maven.Maven.MavenEx"/>
</testsuite> <!-- Maven.Maven.MavenEx -->
